

***********************************************************************
Fatal NI connect error 12541, connecting to:
 (DESCRIPTION=(ADDRESS=(PROTOCOL=TCP)(HOST=ndfs3.foodserv.nd.edu)(PORT=1630))(CONNECT_DATA=(SERVICE_NAME=ndfsdb.world)(CID=(PROGRAM=C:\Program Files\Borland\CBuilder6\Bin\bcb.exe)(HOST=NDFS-IT0)(USER=rrectenw))))

  VERSION INFORMATION:
	TNS for 32-bit Windows: Version 9.2.0.1.0 - Production
	Windows NT TCP/IP NT Protocol Adapter for 32-bit Windows: Version 9.2.0.1.0 - Production
  Time: 31-AUG-2007 08:39:11
  Tracing not turned on.
  Tns error struct:
    nr err code: 0
    ns main err code: 12541
    TNS-12541: TNS:no listener
    ns secondary err code: 12560
    nt main err code: 511
    TNS-00511: No listener
    nt secondary err code: 61
    nt OS err code: 0


***********************************************************************
Fatal NI connect error 12541, connecting to:
 (DESCRIPTION=(ADDRESS=(PROTOCOL=TCP)(HOST=ndfs3.foodserv.nd.edu)(PORT=1630))(CONNECT_DATA=(SERVICE_NAME=ndfsdb.world)(CID=(PROGRAM=C:\Program Files\Borland\CBuilder6\Bin\bcb.exe)(HOST=NDFS-IT0)(USER=rrectenw))))

  VERSION INFORMATION:
	TNS for 32-bit Windows: Version 9.2.0.1.0 - Production
	Windows NT TCP/IP NT Protocol Adapter for 32-bit Windows: Version 9.2.0.1.0 - Production
  Time: 31-AUG-2007 08:39:36
  Tracing not turned on.
  Tns error struct:
    nr err code: 0
    ns main err code: 12541
    TNS-12541: TNS:no listener
    ns secondary err code: 12560
    nt main err code: 511
    TNS-00511: No listener
    nt secondary err code: 61
    nt OS err code: 0
